<?xml version="1.0" encoding="UTF-8"?>
<!-- Generated by org.testng.reporters.JUnitReportReporter -->
<testsuite hostname="AMIT" failures="0" tests="1" name="com.keyword.tests.LoginTest" time="12.366" errors="0" timestamp="2022-07-02T19:04:23 IST" skipped="0">
  <testcase classname="com.keyword.tests.LoginTest" name="loginTestScenario" time="12.366"/>
  <system-out/>
</testsuite> <!-- com.keyword.tests.LoginTest -->
